d:\users\sayyid\2dprojects\sprintingslash\sprintingslash\debug\vc141.pdb
d:\users\sayyid\2dprojects\sprintingslash\sprintingslash\debug\vc141.idb
d:\users\sayyid\2dprojects\sprintingslash\sprintingslash\debug\game.obj
d:\users\sayyid\2dprojects\sprintingslash\sprintingslash\debug\gf2d_draw.obj
d:\users\sayyid\2dprojects\sprintingslash\sprintingslash\debug\gf2d_entity.obj
d:\users\sayyid\2dprojects\sprintingslash\sprintingslash\debug\gf2d_graphics.obj
d:\users\sayyid\2dprojects\sprintingslash\sprintingslash\debug\gf2d_player.obj
d:\users\sayyid\2dprojects\sprintingslash\sprintingslash\debug\gf2d_sprite.obj
d:\users\sayyid\2dprojects\sprintingslash\sprintingslash\debug\gf2d_vector.obj
d:\users\sayyid\2dprojects\sprintingslash\sprintingslash\debug\simple_logger.obj
d:\users\sayyid\2dprojects\sprintingslash\sprintingslash\debug\source.obj
d:\users\sayyid\2dprojects\sprintingslash\sprintingslash\debug\gf2d_collision.obj
d:\users\sayyid\2dprojects\sprintingslash\sprintingslash\debug\gf2d_text.obj
d:\users\sayyid\2dprojects\sprintingslash\sprintingslash\debug\gf2d_list.obj
d:\users\sayyid\2dprojects\sprintingslash\sprintingslash\debug\gf2d_color.obj
d:\users\sayyid\2dprojects\sprintingslash\sprintingslash\debug\gf2d_shape.obj
d:\users\sayyid\2dprojects\sprintingslash\sprintingslash\debug\gf2d_camera.obj
d:\users\sayyid\2dprojects\sprintingslash\sprintingslash\debug\gf2d_audio.obj
d:\users\sayyid\2dprojects\sprintingslash\debug\sprintingslash.ilk
d:\users\sayyid\2dprojects\sprintingslash\debug\sprintingslash.exe
d:\users\sayyid\2dprojects\sprintingslash\debug\sprintingslash.pdb
d:\users\sayyid\2dprojects\sprintingslash\sprintingslash\debug\sprintingslash.tlog\cl.command.1.tlog
d:\users\sayyid\2dprojects\sprintingslash\sprintingslash\debug\sprintingslash.tlog\cl.read.1.tlog
d:\users\sayyid\2dprojects\sprintingslash\sprintingslash\debug\sprintingslash.tlog\cl.write.1.tlog
d:\users\sayyid\2dprojects\sprintingslash\sprintingslash\debug\sprintingslash.tlog\link.command.1.tlog
d:\users\sayyid\2dprojects\sprintingslash\sprintingslash\debug\sprintingslash.tlog\link.read.1.tlog
d:\users\sayyid\2dprojects\sprintingslash\sprintingslash\debug\sprintingslash.tlog\link.write.1.tlog
