  game.c
src\game.c(1): fatal error C1083: Cannot open include file: 'SDL.h': No such file or directory
  gf2d_actor.c
src\gf2d_actor.c(1): fatal error C1083: Cannot open include file: 'gf2d_actor.h': No such file or directory
  gf2d_audio.c
src\gf2d_audio.c(1): fatal error C1083: Cannot open include file: 'gf2d_audio.h': No such file or directory
  gf2d_camera.c
src\gf2d_camera.c(1): fatal error C1083: Cannot open include file: 'gf2d_camera.h': No such file or directory
  gf2d_collision.c
src\gf2d_collision.c(1): fatal error C1083: Cannot open include file: 'gf2d_collision.h': No such file or directory
  gf2d_color.c
src\gf2d_color.c(1): fatal error C1083: Cannot open include file: 'gf2d_color.h': No such file or directory
  gf2d_draw.c
src\gf2d_draw.c(1): fatal error C1083: Cannot open include file: 'gf2d_draw.h': No such file or directory
  gf2d_enemy.c
src\gf2d_enemy.c(1): fatal error C1083: Cannot open include file: 'gf2d_enemy.h': No such file or directory
  gf2d_entity.c
src\gf2d_entity.c(1): fatal error C1083: Cannot open include file: 'gf2d_entity.h': No such file or directory
  gf2d_file.c
src\gf2d_file.c(1): fatal error C1083: Cannot open include file: 'gf2d_file.h': No such file or directory
  gf2d_graphics.c
src\gf2d_graphics.c(1): fatal error C1083: Cannot open include file: 'SDL.h': No such file or directory
  gf2d_gui.c
src\gf2d_gui.c(1): fatal error C1083: Cannot open include file: 'SDL.h': No such file or directory
  gf2d_level.c
src\gf2d_level.c(1): fatal error C1083: Cannot open include file: 'gf2d_level.h': No such file or directory
  gf2d_list.c
src\gf2d_list.c(1): fatal error C1083: Cannot open include file: 'gf2d_list.h': No such file or directory
  gf2d_player.c
src\gf2d_player.c(1): fatal error C1083: Cannot open include file: 'gf2d_player.h': No such file or directory
  gf2d_projectile.c
src\gf2d_projectile.c(1): fatal error C1083: Cannot open include file: 'gf2d_projectile.h': No such file or directory
  gf2d_shape.c
src\gf2d_shape.c(1): fatal error C1083: Cannot open include file: 'gf2d_shape.h': No such file or directory
  gf2d_sprite.c
src\gf2d_sprite.c(2): fatal error C1083: Cannot open include file: 'SDL_image.h': No such file or directory
  gf2d_text.c
src\gf2d_text.c(1): fatal error C1083: Cannot open include file: 'gf2d_text.h': No such file or directory
  gf2d_vector.c
src\gf2d_vector.c(4): fatal error C1083: Cannot open include file: 'gf2d_vector.h': No such file or directory
  Compiling...
  simple_logger.c
src\simple_logger.c(1): fatal error C1083: Cannot open include file: 'simple_logger.h': No such file or directory
